<?xml version="1.0" encoding="UTF-8"?>
<testsuite xmlns:xsi="http://www.w3.org/2001/XMLSchema-instance" xsi:noNamespaceSchemaLocation="https://maven.apache.org/surefire/maven-surefire-plugin/xsd/surefire-test-report.xsd" name="fr.orsys.samples.AppTest" time="0.033" tests="1" errors="0" skipped="0" failures="0">
  <properties>
    <property name="sun.desktop" value="windows"/>
    <property name="awt.toolkit" value="sun.awt.windows.WToolkit"/>
    <property name="file.encoding.pkg" value="sun.io"/>
    <property name="java.specification.version" value="1.8"/>
    <property name="sun.cpu.isalist" value="amd64"/>
    <property name="sun.jnu.encoding" value="Cp1252"/>
    <property name="java.class.path" value="C:\dev\formation\2019_JENKINS\ws\TP1\SampleProject\target\test-classes;C:\dev\formation\2019_JENKINS\ws\TP1\SampleProject\target\classes;C:\Users\Administrateur\.m2\repository\junit\junit\4.11\junit-4.11.jar;C:\Users\Administrateur\.m2\repository\org\hamcrest\hamcrest-core\1.3\hamcrest-core-1.3.jar;"/>
    <property name="java.vm.vendor" value="Oracle Corporation"/>
    <property name="sun.arch.data.model" value="64"/>
    <property name="user.variant" value=""/>
    <property name="java.vendor.url" value="http://java.oracle.com/"/>
    <property name="user.timezone" value="Europe/Paris"/>
    <property name="java.vm.specification.version" value="1.8"/>
    <property name="os.name" value="Windows 7"/>
    <property name="user.country" value="FR"/>
    <property name="sun.java.launcher" value="SUN_STANDARD"/>
    <property name="sun.boot.library.path" value="C:\dev\_lgs\java\jdk1.8.0_181\jre\bin"/>
    <property name="sun.java.command" value="C:\Users\ADMINI~1\AppData\Local\Temp\surefire6996708140178668332\surefirebooter147765131559900879.jar C:\Users\Administrateur\AppData\Local\Temp\surefire6996708140178668332 2019-11-18T14-47-56_274-jvmRun1 surefire7923918882646988555tmp surefire_0230263199816060156tmp"/>
    <property name="surefire.test.class.path" value="C:\dev\formation\2019_JENKINS\ws\TP1\SampleProject\target\test-classes;C:\dev\formation\2019_JENKINS\ws\TP1\SampleProject\target\classes;C:\Users\Administrateur\.m2\repository\junit\junit\4.11\junit-4.11.jar;C:\Users\Administrateur\.m2\repository\org\hamcrest\hamcrest-core\1.3\hamcrest-core-1.3.jar;"/>
    <property name="sun.cpu.endian" value="little"/>
    <property name="user.home" value="C:\Users\Administrateur"/>
    <property name="user.language" value="fr"/>
    <property name="java.specification.vendor" value="Oracle Corporation"/>
    <property name="java.home" value="C:\dev\_lgs\java\jdk1.8.0_181\jre"/>
    <property name="basedir" value="C:\dev\formation\2019_JENKINS\ws\TP1\SampleProject"/>
    <property name="file.separator" value="\"/>
    <property name="line.separator" value="&#10;"/>
    <property name="java.vm.specification.vendor" value="Oracle Corporation"/>
    <property name="java.specification.name" value="Java Platform API Specification"/>
    <property name="java.awt.graphicsenv" value="sun.awt.Win32GraphicsEnvironment"/>
    <property name="surefire.real.class.path" value="C:\Users\ADMINI~1\AppData\Local\Temp\surefire6996708140178668332\surefirebooter147765131559900879.jar"/>
    <property name="sun.boot.class.path" value="C:\dev\_lgs\java\jdk1.8.0_181\jre\lib\resources.jar;C:\dev\_lgs\java\jdk1.8.0_181\jre\lib\rt.jar;C:\dev\_lgs\java\jdk1.8.0_181\jre\lib\sunrsasign.jar;C:\dev\_lgs\java\jdk1.8.0_181\jre\lib\jsse.jar;C:\dev\_lgs\java\jdk1.8.0_181\jre\lib\jce.jar;C:\dev\_lgs\java\jdk1.8.0_181\jre\lib\charsets.jar;C:\dev\_lgs\java\jdk1.8.0_181\jre\lib\jfr.jar;C:\dev\_lgs\java\jdk1.8.0_181\jre\classes"/>
    <property name="user.script" value=""/>
    <property name="sun.management.compiler" value="HotSpot 64-Bit Tiered Compilers"/>
    <property name="java.runtime.version" value="1.8.0_181-b13"/>
    <property name="user.name" value="Administrateur"/>
    <property name="path.separator" value=";"/>
    <property name="os.version" value="6.1"/>
    <property name="java.endorsed.dirs" value="C:\dev\_lgs\java\jdk1.8.0_181\jre\lib\endorsed"/>
    <property name="java.runtime.name" value="Java(TM) SE Runtime Environment"/>
    <property name="file.encoding" value="Cp1252"/>
    <property name="java.vm.name" value="Java HotSpot(TM) 64-Bit Server VM"/>
    <property name="localRepository" value="C:\Users\Administrateur\.m2\repository"/>
    <property name="java.vendor.url.bug" value="http://bugreport.sun.com/bugreport/"/>
    <property name="java.io.tmpdir" value="C:\Users\ADMINI~1\AppData\Local\Temp\"/>
    <property name="java.version" value="1.8.0_181"/>
    <property name="user.dir" value="C:\dev\formation\2019_JENKINS\ws\TP1\SampleProject"/>
    <property name="os.arch" value="amd64"/>
    <property name="java.vm.specification.name" value="Java Virtual Machine Specification"/>
    <property name="java.awt.printerjob" value="sun.awt.windows.WPrinterJob"/>
    <property name="sun.os.patch.level" value="Service Pack 1"/>
    <property name="java.library.path" value="C:\dev\_lgs\java\jdk1.8.0_181\jre\bin;C:\windows\Sun\Java\bin;C:\windows\system32;C:\windows;C:\dev\_lgs\java\jdk1.8.0_181/bin;C:\dev\_lgs\maven\apache-maven-3.5.0/bin;C:\Program Files (x86)\Common Files\Oracle\Java\javapath;C:\windows\system32;C:\windows;C:\windows\System32\Wbem;C:\windows\System32\WindowsPowerShell\v1.0\;C:\Program Files\Git\cmd;C:\HashiCorp\Vagrant\bin;C:\Users\Administrateur\AppData\Local\Programs\Python\Python37\Scripts\;C:\Users\Administrateur\AppData\Local\Programs\Python\Python37\;C:\Program Files\Docker Toolbox;."/>
    <property name="java.vm.info" value="mixed mode"/>
    <property name="java.vendor" value="Oracle Corporation"/>
    <property name="java.vm.version" value="25.181-b13"/>
    <property name="java.ext.dirs" value="C:\dev\_lgs\java\jdk1.8.0_181\jre\lib\ext;C:\windows\Sun\Java\lib\ext"/>
    <property name="sun.io.unicode.encoding" value="UnicodeLittle"/>
    <property name="java.class.version" value="52.0"/>
  </properties>
  <testcase name="shouldAnswerWithTrue" classname="fr.orsys.samples.AppTest" time="0.003"/>
</testsuite>